2025-01-25 12:51:27,019 saving log, checkpoint and back up code in folder: log/modelnet40_cls-res-edge-n14-C64-norm_batch-k15-drop0.5-lr0.001-B32-seed1_20250125-125126_181d3ffc-16c0-4644-83c2-e2a315e48818
2025-01-25 12:51:27,019 ==========       args      =============
2025-01-25 12:51:27,019 phase:train
2025-01-25 12:51:27,019 exp_name:modelnet40_cls-res-edge-n14-C64-norm_batch-k15-drop0.5-lr0.001-B32-seed1
2025-01-25 12:51:27,019 job_name:modelnet40_cls-res-edge-n14-C64-norm_batch-k15-drop0.5-lr0.001-B32-seed1_20250125-125126_181d3ffc-16c0-4644-83c2-e2a315e48818
2025-01-25 12:51:27,019 use_cpu:False
2025-01-25 12:51:27,019 root_dir:log
2025-01-25 12:51:27,019 data_dir:.Dataset
2025-01-25 12:51:27,019 dataset:ModelNet40
2025-01-25 12:51:27,019 num_points:2048
2025-01-25 12:51:27,019  :True
2025-01-25 12:51:27,019 in_channels:3
2025-01-25 12:51:27,019 batch_size:32
2025-01-25 12:51:27,019 epochs:400
2025-01-25 12:51:27,019 use_sgd:False
2025-01-25 12:51:27,019 weight_decay:0.0001
2025-01-25 12:51:27,019 lr:0.001
2025-01-25 12:51:27,019 seed:1
2025-01-25 12:51:27,019 multi_gpus:False
2025-01-25 12:51:27,019 test_batch_size:50
2025-01-25 12:51:27,019 pretrained_model:
2025-01-25 12:51:27,019 k:15
2025-01-25 12:51:27,019 block:res
2025-01-25 12:51:27,019 conv:edge
2025-01-25 12:51:27,019 act:relu
2025-01-25 12:51:27,020 norm:batch
2025-01-25 12:51:27,020 bias:True
2025-01-25 12:51:27,020 n_blocks:14
2025-01-25 12:51:27,020 n_filters:64
2025-01-25 12:51:27,020 emb_dims:1024
2025-01-25 12:51:27,020 dropout:0.5
2025-01-25 12:51:27,020 dynamic:True
2025-01-25 12:51:27,020 fine_tune:False
2025-01-25 12:51:27,020 fine_tune_num_classes:16
2025-01-25 12:51:27,020 use_dilation:True
2025-01-25 12:51:27,020 epsilon:0.2
2025-01-25 12:51:27,020 use_stochastic:True
2025-01-25 12:51:27,020 device:cuda
2025-01-25 12:51:27,020 exp_dir:log/modelnet40_cls-res-edge-n14-C64-norm_batch-k15-drop0.5-lr0.001-B32-seed1_20250125-125126_181d3ffc-16c0-4644-83c2-e2a315e48818
2025-01-25 12:51:27,020 ckpt_dir:log/modelnet40_cls-res-edge-n14-C64-norm_batch-k15-drop0.5-lr0.001-B32-seed1_20250125-125126_181d3ffc-16c0-4644-83c2-e2a315e48818/checkpoint
2025-01-25 12:51:27,020 code_dir:log/modelnet40_cls-res-edge-n14-C64-norm_batch-k15-drop0.5-lr0.001-B32-seed1_20250125-125126_181d3ffc-16c0-4644-83c2-e2a315e48818/code
2025-01-25 12:51:27,020 writer:<torch.utils.tensorboard.writer.SummaryWriter object at 0x145ec801fd30>
2025-01-25 12:51:27,020 epoch:-1
2025-01-25 12:51:27,020 step:-1
2025-01-25 12:51:27,020 loglevel:info
2025-01-25 12:51:27,020 ==========     args END    =============
2025-01-25 12:51:27,020 

2025-01-25 12:51:27,020 ===> Phase is train.
2025-01-25 12:51:27,024 ===> Creating data-loader ...
2025-01-25 12:51:47,888 ===> Loading ModelNet40 from .Dataset. number of classes equal to 40
2025-01-25 12:51:47,889 ===> Loading the network ...
2025-01-25 12:51:48,148 DeepGCN(
  (dynamic_head): DynamicEdgeConvLayer(
    (mlp): Sequential(
      (0): Linear(in_features=6, out_features=64, bias=True)
      (1): ReLU()
      (2): Linear(in_features=64, out_features=64, bias=True)
      (3): ReLU()
    )
    (conv): DynamicEdgeConv(nn=Sequential(
      (0): Linear(in_features=6, out_features=64, bias=True)
      (1): ReLU()
      (2): Linear(in_features=64, out_features=64, bias=True)
      (3): ReLU()
    ), k=15)
    (norm): BatchNorm1d(64, eps=1e-05, momentum=0.1, affine=True, track_running_stats=True)
  )
  (backbone): Sequential(
    (0): ResDynBlock2d(
      (body): DynamicEdgeConvLayer(
        (mlp): Sequential(
          (0): Linear(in_features=128, out_features=64, bias=True)
          (1): ReLU()
          (2): Linear(in_features=64, out_features=64, bias=True)
          (3): ReLU()
        )
        (conv): DynamicEdgeConv(nn=Sequential(
          (0): Linear(in_features=128, out_features=64, bias=True)
          (1): ReLU()
          (2): Linear(in_features=64, out_features=64, bias=True)
          (3): ReLU()
        ), k=15)
        (norm): BatchNorm1d(64, eps=1e-05, momentum=0.1, affine=True, track_running_stats=True)
      )
    )
    (1): ResDynBlock2d(
      (body): DynamicEdgeConvLayer(
        (mlp): Sequential(
          (0): Linear(in_features=128, out_features=64, bias=True)
          (1): ReLU()
          (2): Linear(in_features=64, out_features=64, bias=True)
          (3): ReLU()
        )
        (conv): DynamicEdgeConv(nn=Sequential(
          (0): Linear(in_features=128, out_features=64, bias=True)
          (1): ReLU()
          (2): Linear(in_features=64, out_features=64, bias=True)
          (3): ReLU()
        ), k=15)
        (norm): BatchNorm1d(64, eps=1e-05, momentum=0.1, affine=True, track_running_stats=True)
      )
    )
    (2): ResDynBlock2d(
      (body): DynamicEdgeConvLayer(
        (mlp): Sequential(
          (0): Linear(in_features=128, out_features=64, bias=True)
          (1): ReLU()
          (2): Linear(in_features=64, out_features=64, bias=True)
          (3): ReLU()
        )
        (conv): DynamicEdgeConv(nn=Sequential(
          (0): Linear(in_features=128, out_features=64, bias=True)
          (1): ReLU()
          (2): Linear(in_features=64, out_features=64, bias=True)
          (3): ReLU()
        ), k=15)
        (norm): BatchNorm1d(64, eps=1e-05, momentum=0.1, affine=True, track_running_stats=True)
      )
    )
    (3): ResDynBlock2d(
      (body): DynamicEdgeConvLayer(
        (mlp): Sequential(
          (0): Linear(in_features=128, out_features=64, bias=True)
          (1): ReLU()
          (2): Linear(in_features=64, out_features=64, bias=True)
          (3): ReLU()
        )
        (conv): DynamicEdgeConv(nn=Sequential(
          (0): Linear(in_features=128, out_features=64, bias=True)
          (1): ReLU()
          (2): Linear(in_features=64, out_features=64, bias=True)
          (3): ReLU()
        ), k=15)
        (norm): BatchNorm1d(64, eps=1e-05, momentum=0.1, affine=True, track_running_stats=True)
      )
    )
    (4): ResDynBlock2d(
      (body): DynamicEdgeConvLayer(
        (mlp): Sequential(
          (0): Linear(in_features=128, out_features=64, bias=True)
          (1): ReLU()
          (2): Linear(in_features=64, out_features=64, bias=True)
          (3): ReLU()
        )
        (conv): DynamicEdgeConv(nn=Sequential(
          (0): Linear(in_features=128, out_features=64, bias=True)
          (1): ReLU()
          (2): Linear(in_features=64, out_features=64, bias=True)
          (3): ReLU()
        ), k=15)
        (norm): BatchNorm1d(64, eps=1e-05, momentum=0.1, affine=True, track_running_stats=True)
      )
    )
    (5): ResDynBlock2d(
      (body): DynamicEdgeConvLayer(
        (mlp): Sequential(
          (0): Linear(in_features=128, out_features=64, bias=True)
          (1): ReLU()
          (2): Linear(in_features=64, out_features=64, bias=True)
          (3): ReLU()
        )
        (conv): DynamicEdgeConv(nn=Sequential(
          (0): Linear(in_features=128, out_features=64, bias=True)
          (1): ReLU()
          (2): Linear(in_features=64, out_features=64, bias=True)
          (3): ReLU()
        ), k=15)
        (norm): BatchNorm1d(64, eps=1e-05, momentum=0.1, affine=True, track_running_stats=True)
      )
    )
    (6): ResDynBlock2d(
      (body): DynamicEdgeConvLayer(
        (mlp): Sequential(
          (0): Linear(in_features=128, out_features=64, bias=True)
          (1): ReLU()
          (2): Linear(in_features=64, out_features=64, bias=True)
          (3): ReLU()
        )
        (conv): DynamicEdgeConv(nn=Sequential(
          (0): Linear(in_features=128, out_features=64, bias=True)
          (1): ReLU()
          (2): Linear(in_features=64, out_features=64, bias=True)
          (3): ReLU()
        ), k=15)
        (norm): BatchNorm1d(64, eps=1e-05, momentum=0.1, affine=True, track_running_stats=True)
      )
    )
    (7): ResDynBlock2d(
      (body): DynamicEdgeConvLayer(
        (mlp): Sequential(
          (0): Linear(in_features=128, out_features=64, bias=True)
          (1): ReLU()
          (2): Linear(in_features=64, out_features=64, bias=True)
          (3): ReLU()
        )
        (conv): DynamicEdgeConv(nn=Sequential(
          (0): Linear(in_features=128, out_features=64, bias=True)
          (1): ReLU()
          (2): Linear(in_features=64, out_features=64, bias=True)
          (3): ReLU()
        ), k=15)
        (norm): BatchNorm1d(64, eps=1e-05, momentum=0.1, affine=True, track_running_stats=True)
      )
    )
    (8): ResDynBlock2d(
      (body): DynamicEdgeConvLayer(
        (mlp): Sequential(
          (0): Linear(in_features=128, out_features=64, bias=True)
          (1): ReLU()
          (2): Linear(in_features=64, out_features=64, bias=True)
          (3): ReLU()
        )
        (conv): DynamicEdgeConv(nn=Sequential(
          (0): Linear(in_features=128, out_features=64, bias=True)
          (1): ReLU()
          (2): Linear(in_features=64, out_features=64, bias=True)
          (3): ReLU()
        ), k=15)
        (norm): BatchNorm1d(64, eps=1e-05, momentum=0.1, affine=True, track_running_stats=True)
      )
    )
    (9): ResDynBlock2d(
      (body): DynamicEdgeConvLayer(
        (mlp): Sequential(
          (0): Linear(in_features=128, out_features=64, bias=True)
          (1): ReLU()
          (2): Linear(in_features=64, out_features=64, bias=True)
          (3): ReLU()
        )
        (conv): DynamicEdgeConv(nn=Sequential(
          (0): Linear(in_features=128, out_features=64, bias=True)
          (1): ReLU()
          (2): Linear(in_features=64, out_features=64, bias=True)
          (3): ReLU()
        ), k=15)
        (norm): BatchNorm1d(64, eps=1e-05, momentum=0.1, affine=True, track_running_stats=True)
      )
    )
    (10): ResDynBlock2d(
      (body): DynamicEdgeConvLayer(
        (mlp): Sequential(
          (0): Linear(in_features=128, out_features=64, bias=True)
          (1): ReLU()
          (2): Linear(in_features=64, out_features=64, bias=True)
          (3): ReLU()
        )
        (conv): DynamicEdgeConv(nn=Sequential(
          (0): Linear(in_features=128, out_features=64, bias=True)
          (1): ReLU()
          (2): Linear(in_features=64, out_features=64, bias=True)
          (3): ReLU()
        ), k=15)
        (norm): BatchNorm1d(64, eps=1e-05, momentum=0.1, affine=True, track_running_stats=True)
      )
    )
    (11): ResDynBlock2d(
      (body): DynamicEdgeConvLayer(
        (mlp): Sequential(
          (0): Linear(in_features=128, out_features=64, bias=True)
          (1): ReLU()
          (2): Linear(in_features=64, out_features=64, bias=True)
          (3): ReLU()
        )
        (conv): DynamicEdgeConv(nn=Sequential(
          (0): Linear(in_features=128, out_features=64, bias=True)
          (1): ReLU()
          (2): Linear(in_features=64, out_features=64, bias=True)
          (3): ReLU()
        ), k=15)
        (norm): BatchNorm1d(64, eps=1e-05, momentum=0.1, affine=True, track_running_stats=True)
      )
    )
    (12): ResDynBlock2d(
      (body): DynamicEdgeConvLayer(
        (mlp): Sequential(
          (0): Linear(in_features=128, out_features=64, bias=True)
          (1): ReLU()
          (2): Linear(in_features=64, out_features=64, bias=True)
          (3): ReLU()
        )
        (conv): DynamicEdgeConv(nn=Sequential(
          (0): Linear(in_features=128, out_features=64, bias=True)
          (1): ReLU()
          (2): Linear(in_features=64, out_features=64, bias=True)
          (3): ReLU()
        ), k=15)
        (norm): BatchNorm1d(64, eps=1e-05, momentum=0.1, affine=True, track_running_stats=True)
      )
    )
  )
  (fusion_block): BasicConv(
    (0): Conv2d(896, 1024, kernel_size=(1, 1), stride=(1, 1), bias=False)
    (1): LeakyReLU(negative_slope=0.2)
    (2): BatchNorm2d(1024, eps=1e-05, momentum=0.1, affine=True, track_running_stats=True)
  )
  (prediction): Sequential(
    (0): BasicConv(
      (0): Conv2d(2048, 512, kernel_size=(1, 1), stride=(1, 1))
      (1): LeakyReLU(negative_slope=0.2)
      (2): BatchNorm2d(512, eps=1e-05, momentum=0.1, affine=True, track_running_stats=True)
      (3): Dropout2d(p=0.5, inplace=False)
    )
    (1): BasicConv(
      (0): Conv2d(512, 256, kernel_size=(1, 1), stride=(1, 1))
      (1): LeakyReLU(negative_slope=0.2)
      (2): BatchNorm2d(256, eps=1e-05, momentum=0.1, affine=True, track_running_stats=True)
      (3): Dropout2d(p=0.5, inplace=False)
    )
    (2): BasicConv(
      (0): Conv2d(256, 40, kernel_size=(1, 1), stride=(1, 1))
    )
  )
)
2025-01-25 12:51:48,150 ===> loading pre-trained ...
2025-01-25 12:51:48,150 ===> No pre-trained model
2025-01-25 12:51:48,150 ===> Init the optimizer ...
2025-01-25 12:51:48,150 ===> Use AdamW
2025-01-25 12:51:48,151 ===> Init Metric ...
2025-01-25 12:51:48,156 ===> start training ...
