2025-01-25 12:55:08,028 saving log, checkpoint and back up code in folder: log/shapenetpart_cls-res-edge-n14-C64-norm_batch-k15-drop0.5-lr0.001-B32-seed1_20250125-125507_aa5248fe-49f5-4aa3-a3e1-018601612bae
2025-01-25 12:55:08,028 ==========       args      =============
2025-01-25 12:55:08,028 phase:train
2025-01-25 12:55:08,028 exp_name:shapenetpart_cls-res-edge-n14-C64-norm_batch-k15-drop0.5-lr0.001-B32-seed1
2025-01-25 12:55:08,028 job_name:shapenetpart_cls-res-edge-n14-C64-norm_batch-k15-drop0.5-lr0.001-B32-seed1_20250125-125507_aa5248fe-49f5-4aa3-a3e1-018601612bae
2025-01-25 12:55:08,028 use_cpu:False
2025-01-25 12:55:08,028 root_dir:log
2025-01-25 12:55:08,028 data_dir:Dataset
2025-01-25 12:55:08,028 dataset:ShapeNetPart
2025-01-25 12:55:08,028 num_points:2048
2025-01-25 12:55:08,028  :True
2025-01-25 12:55:08,028 in_channels:3
2025-01-25 12:55:08,028 batch_size:32
2025-01-25 12:55:08,028 epochs:400
2025-01-25 12:55:08,028 use_sgd:False
2025-01-25 12:55:08,028 weight_decay:0.0001
2025-01-25 12:55:08,028 lr:0.001
2025-01-25 12:55:08,028 seed:1
2025-01-25 12:55:08,028 multi_gpus:False
2025-01-25 12:55:08,028 test_batch_size:50
2025-01-25 12:55:08,028 pretrained_model:
2025-01-25 12:55:08,028 k:15
2025-01-25 12:55:08,028 block:res
2025-01-25 12:55:08,028 conv:edge
2025-01-25 12:55:08,028 act:relu
2025-01-25 12:55:08,028 norm:batch
2025-01-25 12:55:08,029 bias:True
2025-01-25 12:55:08,029 n_blocks:14
2025-01-25 12:55:08,029 n_filters:64
2025-01-25 12:55:08,029 emb_dims:1024
2025-01-25 12:55:08,029 dropout:0.5
2025-01-25 12:55:08,029 dynamic:True
2025-01-25 12:55:08,029 fine_tune:False
2025-01-25 12:55:08,029 fine_tune_num_classes:16
2025-01-25 12:55:08,029 use_dilation:True
2025-01-25 12:55:08,029 epsilon:0.2
2025-01-25 12:55:08,029 use_stochastic:True
2025-01-25 12:55:08,029 device:cuda
2025-01-25 12:55:08,029 exp_dir:log/shapenetpart_cls-res-edge-n14-C64-norm_batch-k15-drop0.5-lr0.001-B32-seed1_20250125-125507_aa5248fe-49f5-4aa3-a3e1-018601612bae
2025-01-25 12:55:08,029 ckpt_dir:log/shapenetpart_cls-res-edge-n14-C64-norm_batch-k15-drop0.5-lr0.001-B32-seed1_20250125-125507_aa5248fe-49f5-4aa3-a3e1-018601612bae/checkpoint
2025-01-25 12:55:08,029 code_dir:log/shapenetpart_cls-res-edge-n14-C64-norm_batch-k15-drop0.5-lr0.001-B32-seed1_20250125-125507_aa5248fe-49f5-4aa3-a3e1-018601612bae/code
2025-01-25 12:55:08,029 writer:<torch.utils.tensorboard.writer.SummaryWriter object at 0x151142f34d00>
2025-01-25 12:55:08,029 epoch:-1
2025-01-25 12:55:08,029 step:-1
2025-01-25 12:55:08,029 loglevel:info
2025-01-25 12:55:08,029 ==========     args END    =============
2025-01-25 12:55:08,029 

2025-01-25 12:55:08,029 ===> Phase is train.
2025-01-25 12:55:08,033 ===> Creating data-loader ...
