2025-01-12 16:38:24,601 saving log, checkpoint and back up code in folder: log/modelnet40_cls-res-edge-n14-C64-norm_batch-k15-drop0.5-lr0.001-B32-seed1_20250112-163824_98bbfc5c-22d2-43a9-ae5e-038995c9d4a1
2025-01-12 16:38:24,601 ==========       args      =============
2025-01-12 16:38:24,601 phase:train
2025-01-12 16:38:24,601 exp_name:modelnet40_cls-res-edge-n14-C64-norm_batch-k15-drop0.5-lr0.001-B32-seed1
2025-01-12 16:38:24,601 job_name:modelnet40_cls-res-edge-n14-C64-norm_batch-k15-drop0.5-lr0.001-B32-seed1_20250112-163824_98bbfc5c-22d2-43a9-ae5e-038995c9d4a1
2025-01-12 16:38:24,601 use_cpu:False
2025-01-12 16:38:24,602 root_dir:log
2025-01-12 16:38:24,602 data_dir:/user/ahmed.assy/u12745/Dataset
2025-01-12 16:38:24,602 dataset:ModelNet40
2025-01-12 16:38:24,602 num_points:2048
2025-01-12 16:38:24,602  :True
2025-01-12 16:38:24,602 in_channels:3
2025-01-12 16:38:24,602 batch_size:32
2025-01-12 16:38:24,602 epochs:400
2025-01-12 16:38:24,602 use_sgd:False
2025-01-12 16:38:24,602 weight_decay:0.0001
2025-01-12 16:38:24,602 lr:0.001
2025-01-12 16:38:24,602 seed:1
2025-01-12 16:38:24,602 multi_gpus:True
2025-01-12 16:38:24,602 test_batch_size:50
2025-01-12 16:38:24,602 pretrained_model:
2025-01-12 16:38:24,602 k:15
2025-01-12 16:38:24,602 block:res
2025-01-12 16:38:24,602 conv:edge
2025-01-12 16:38:24,602 act:relu
2025-01-12 16:38:24,602 norm:batch
2025-01-12 16:38:24,602 bias:True
2025-01-12 16:38:24,602 n_blocks:14
2025-01-12 16:38:24,602 n_filters:64
2025-01-12 16:38:24,602 emb_dims:1024
2025-01-12 16:38:24,602 dropout:0.5
2025-01-12 16:38:24,602 dynamic:True
2025-01-12 16:38:24,602 fine_tune:False
2025-01-12 16:38:24,602 fine_tune_num_classes:16
2025-01-12 16:38:24,602 use_dilation:True
2025-01-12 16:38:24,603 epsilon:0.2
2025-01-12 16:38:24,603 use_stochastic:True
2025-01-12 16:38:24,603 device:cuda
2025-01-12 16:38:24,603 exp_dir:log/modelnet40_cls-res-edge-n14-C64-norm_batch-k15-drop0.5-lr0.001-B32-seed1_20250112-163824_98bbfc5c-22d2-43a9-ae5e-038995c9d4a1
2025-01-12 16:38:24,603 ckpt_dir:log/modelnet40_cls-res-edge-n14-C64-norm_batch-k15-drop0.5-lr0.001-B32-seed1_20250112-163824_98bbfc5c-22d2-43a9-ae5e-038995c9d4a1/checkpoint
2025-01-12 16:38:24,603 code_dir:log/modelnet40_cls-res-edge-n14-C64-norm_batch-k15-drop0.5-lr0.001-B32-seed1_20250112-163824_98bbfc5c-22d2-43a9-ae5e-038995c9d4a1/code
2025-01-12 16:38:24,603 writer:<torch.utils.tensorboard.writer.SummaryWriter object at 0x7f86cd8ddb80>
2025-01-12 16:38:24,603 epoch:-1
2025-01-12 16:38:24,603 step:-1
2025-01-12 16:38:24,603 loglevel:info
2025-01-12 16:38:24,603 ==========     args END    =============
2025-01-12 16:38:24,603 

2025-01-12 16:38:24,603 ===> Phase is train.
2025-01-12 16:38:24,608 ===> Creating data-loader ...
2025-01-12 16:38:28,799 ===> Loading ModelNet40 from /user/ahmed.assy/u12745/Dataset. number of classes equal to 40
2025-01-12 16:38:28,799 ===> Loading the network ...
2025-01-12 16:38:29,129 DataParallel(
  (module): DeepGCN(
    (dynamic_head): DynamicEdgeConvLayer(
      (mlp): Sequential(
        (0): Linear(in_features=6, out_features=64, bias=True)
        (1): ReLU()
        (2): Linear(in_features=64, out_features=64, bias=True)
        (3): ReLU()
      )
      (conv): DynamicEdgeConv(nn=Sequential(
        (0): Linear(in_features=6, out_features=64, bias=True)
        (1): ReLU()
        (2): Linear(in_features=64, out_features=64, bias=True)
        (3): ReLU()
      ), k=15)
      (norm): BatchNorm1d(64, eps=1e-05, momentum=0.1, affine=True, track_running_stats=True)
    )
    (backbone): Sequential(
      (0): ResDynBlock2d(
        (body): DynamicEdgeConvLayer(
          (mlp): Sequential(
            (0): Linear(in_features=128, out_features=64, bias=True)
            (1): ReLU()
            (2): Linear(in_features=64, out_features=64, bias=True)
            (3): ReLU()
          )
          (conv): DynamicEdgeConv(nn=Sequential(
            (0): Linear(in_features=128, out_features=64, bias=True)
            (1): ReLU()
            (2): Linear(in_features=64, out_features=64, bias=True)
            (3): ReLU()
          ), k=15)
          (norm): BatchNorm1d(64, eps=1e-05, momentum=0.1, affine=True, track_running_stats=True)
        )
      )
      (1): ResDynBlock2d(
        (body): DynamicEdgeConvLayer(
          (mlp): Sequential(
            (0): Linear(in_features=128, out_features=64, bias=True)
            (1): ReLU()
            (2): Linear(in_features=64, out_features=64, bias=True)
            (3): ReLU()
          )
          (conv): DynamicEdgeConv(nn=Sequential(
            (0): Linear(in_features=128, out_features=64, bias=True)
            (1): ReLU()
            (2): Linear(in_features=64, out_features=64, bias=True)
            (3): ReLU()
          ), k=15)
          (norm): BatchNorm1d(64, eps=1e-05, momentum=0.1, affine=True, track_running_stats=True)
        )
      )
      (2): ResDynBlock2d(
        (body): DynamicEdgeConvLayer(
          (mlp): Sequential(
            (0): Linear(in_features=128, out_features=64, bias=True)
            (1): ReLU()
            (2): Linear(in_features=64, out_features=64, bias=True)
            (3): ReLU()
          )
          (conv): DynamicEdgeConv(nn=Sequential(
            (0): Linear(in_features=128, out_features=64, bias=True)
            (1): ReLU()
            (2): Linear(in_features=64, out_features=64, bias=True)
            (3): ReLU()
          ), k=15)
          (norm): BatchNorm1d(64, eps=1e-05, momentum=0.1, affine=True, track_running_stats=True)
        )
      )
      (3): ResDynBlock2d(
        (body): DynamicEdgeConvLayer(
          (mlp): Sequential(
            (0): Linear(in_features=128, out_features=64, bias=True)
            (1): ReLU()
            (2): Linear(in_features=64, out_features=64, bias=True)
            (3): ReLU()
          )
          (conv): DynamicEdgeConv(nn=Sequential(
            (0): Linear(in_features=128, out_features=64, bias=True)
            (1): ReLU()
            (2): Linear(in_features=64, out_features=64, bias=True)
            (3): ReLU()
          ), k=15)
          (norm): BatchNorm1d(64, eps=1e-05, momentum=0.1, affine=True, track_running_stats=True)
        )
      )
      (4): ResDynBlock2d(
        (body): DynamicEdgeConvLayer(
          (mlp): Sequential(
            (0): Linear(in_features=128, out_features=64, bias=True)
            (1): ReLU()
            (2): Linear(in_features=64, out_features=64, bias=True)
            (3): ReLU()
          )
          (conv): DynamicEdgeConv(nn=Sequential(
            (0): Linear(in_features=128, out_features=64, bias=True)
            (1): ReLU()
            (2): Linear(in_features=64, out_features=64, bias=True)
            (3): ReLU()
          ), k=15)
          (norm): BatchNorm1d(64, eps=1e-05, momentum=0.1, affine=True, track_running_stats=True)
        )
      )
      (5): ResDynBlock2d(
        (body): DynamicEdgeConvLayer(
          (mlp): Sequential(
            (0): Linear(in_features=128, out_features=64, bias=True)
            (1): ReLU()
            (2): Linear(in_features=64, out_features=64, bias=True)
            (3): ReLU()
          )
          (conv): DynamicEdgeConv(nn=Sequential(
            (0): Linear(in_features=128, out_features=64, bias=True)
            (1): ReLU()
            (2): Linear(in_features=64, out_features=64, bias=True)
            (3): ReLU()
          ), k=15)
          (norm): BatchNorm1d(64, eps=1e-05, momentum=0.1, affine=True, track_running_stats=True)
        )
      )
      (6): ResDynBlock2d(
        (body): DynamicEdgeConvLayer(
          (mlp): Sequential(
            (0): Linear(in_features=128, out_features=64, bias=True)
            (1): ReLU()
            (2): Linear(in_features=64, out_features=64, bias=True)
            (3): ReLU()
          )
          (conv): DynamicEdgeConv(nn=Sequential(
            (0): Linear(in_features=128, out_features=64, bias=True)
            (1): ReLU()
            (2): Linear(in_features=64, out_features=64, bias=True)
            (3): ReLU()
          ), k=15)
          (norm): BatchNorm1d(64, eps=1e-05, momentum=0.1, affine=True, track_running_stats=True)
        )
      )
      (7): ResDynBlock2d(
        (body): DynamicEdgeConvLayer(
          (mlp): Sequential(
            (0): Linear(in_features=128, out_features=64, bias=True)
            (1): ReLU()
            (2): Linear(in_features=64, out_features=64, bias=True)
            (3): ReLU()
          )
          (conv): DynamicEdgeConv(nn=Sequential(
            (0): Linear(in_features=128, out_features=64, bias=True)
            (1): ReLU()
            (2): Linear(in_features=64, out_features=64, bias=True)
            (3): ReLU()
          ), k=15)
          (norm): BatchNorm1d(64, eps=1e-05, momentum=0.1, affine=True, track_running_stats=True)
        )
      )
      (8): ResDynBlock2d(
        (body): DynamicEdgeConvLayer(
          (mlp): Sequential(
            (0): Linear(in_features=128, out_features=64, bias=True)
            (1): ReLU()
            (2): Linear(in_features=64, out_features=64, bias=True)
            (3): ReLU()
          )
          (conv): DynamicEdgeConv(nn=Sequential(
            (0): Linear(in_features=128, out_features=64, bias=True)
            (1): ReLU()
            (2): Linear(in_features=64, out_features=64, bias=True)
            (3): ReLU()
          ), k=15)
          (norm): BatchNorm1d(64, eps=1e-05, momentum=0.1, affine=True, track_running_stats=True)
        )
      )
      (9): ResDynBlock2d(
        (body): DynamicEdgeConvLayer(
          (mlp): Sequential(
            (0): Linear(in_features=128, out_features=64, bias=True)
            (1): ReLU()
            (2): Linear(in_features=64, out_features=64, bias=True)
            (3): ReLU()
          )
          (conv): DynamicEdgeConv(nn=Sequential(
            (0): Linear(in_features=128, out_features=64, bias=True)
            (1): ReLU()
            (2): Linear(in_features=64, out_features=64, bias=True)
            (3): ReLU()
          ), k=15)
          (norm): BatchNorm1d(64, eps=1e-05, momentum=0.1, affine=True, track_running_stats=True)
        )
      )
      (10): ResDynBlock2d(
        (body): DynamicEdgeConvLayer(
          (mlp): Sequential(
            (0): Linear(in_features=128, out_features=64, bias=True)
            (1): ReLU()
            (2): Linear(in_features=64, out_features=64, bias=True)
            (3): ReLU()
          )
          (conv): DynamicEdgeConv(nn=Sequential(
            (0): Linear(in_features=128, out_features=64, bias=True)
            (1): ReLU()
            (2): Linear(in_features=64, out_features=64, bias=True)
            (3): ReLU()
          ), k=15)
          (norm): BatchNorm1d(64, eps=1e-05, momentum=0.1, affine=True, track_running_stats=True)
        )
      )
      (11): ResDynBlock2d(
        (body): DynamicEdgeConvLayer(
          (mlp): Sequential(
            (0): Linear(in_features=128, out_features=64, bias=True)
            (1): ReLU()
            (2): Linear(in_features=64, out_features=64, bias=True)
            (3): ReLU()
          )
          (conv): DynamicEdgeConv(nn=Sequential(
            (0): Linear(in_features=128, out_features=64, bias=True)
            (1): ReLU()
            (2): Linear(in_features=64, out_features=64, bias=True)
            (3): ReLU()
          ), k=15)
          (norm): BatchNorm1d(64, eps=1e-05, momentum=0.1, affine=True, track_running_stats=True)
        )
      )
      (12): ResDynBlock2d(
        (body): DynamicEdgeConvLayer(
          (mlp): Sequential(
            (0): Linear(in_features=128, out_features=64, bias=True)
            (1): ReLU()
            (2): Linear(in_features=64, out_features=64, bias=True)
            (3): ReLU()
          )
          (conv): DynamicEdgeConv(nn=Sequential(
            (0): Linear(in_features=128, out_features=64, bias=True)
            (1): ReLU()
            (2): Linear(in_features=64, out_features=64, bias=True)
            (3): ReLU()
          ), k=15)
          (norm): BatchNorm1d(64, eps=1e-05, momentum=0.1, affine=True, track_running_stats=True)
        )
      )
    )
    (fusion_block): BasicConv(
      (0): Conv2d(896, 1024, kernel_size=(1, 1), stride=(1, 1), bias=False)
      (1): LeakyReLU(negative_slope=0.2)
      (2): BatchNorm2d(1024, eps=1e-05, momentum=0.1, affine=True, track_running_stats=True)
    )
    (prediction): Sequential(
      (0): BasicConv(
        (0): Conv2d(2048, 512, kernel_size=(1, 1), stride=(1, 1))
        (1): LeakyReLU(negative_slope=0.2)
        (2): BatchNorm2d(512, eps=1e-05, momentum=0.1, affine=True, track_running_stats=True)
        (3): Dropout2d(p=0.5, inplace=False)
      )
      (1): BasicConv(
        (0): Conv2d(512, 256, kernel_size=(1, 1), stride=(1, 1))
        (1): LeakyReLU(negative_slope=0.2)
        (2): BatchNorm2d(256, eps=1e-05, momentum=0.1, affine=True, track_running_stats=True)
        (3): Dropout2d(p=0.5, inplace=False)
      )
      (2): BasicConv(
        (0): Conv2d(256, 40, kernel_size=(1, 1), stride=(1, 1))
      )
    )
  )
)
2025-01-12 16:38:29,131 ===> loading pre-trained ...
2025-01-12 16:38:29,131 ===> No pre-trained model
2025-01-12 16:38:29,132 ===> Init the optimizer ...
2025-01-12 16:38:29,132 ===> Use AdamW
2025-01-12 16:38:29,133 ===> Init Metric ...
2025-01-12 16:38:29,137 ===> start training ...
2025-01-12 16:42:02,726 Got a new best model on Test with Overall ACC 0.5089. Its avg acc is 0.3751
2025-01-12 16:42:03,036 save a new best model into log/modelnet40_cls-res-edge-n14-C64-norm_batch-k15-drop0.5-lr0.001-B32-seed1_20250112-163824_98bbfc5c-22d2-43a9-ae5e-038995c9d4a1/checkpoint/modelnet40_cls-res-edge-n14-C64-norm_batch-k15-drop0.5-lr0.001-B32-seed1-best_model.pth
2025-01-12 16:42:03,037 ===> Epoch 0/400, Train Loss 3.7086, Test Overall Acc 0.5089, Test Avg Acc 0.375116, Best Test Overall Acc 0.5089, Its test avg acc 0.3751.
2025-01-12 16:45:34,113 Got a new best model on Test with Overall ACC 0.6536. Its avg acc is 0.5059
2025-01-12 16:45:34,422 save a new best model into log/modelnet40_cls-res-edge-n14-C64-norm_batch-k15-drop0.5-lr0.001-B32-seed1_20250112-163824_98bbfc5c-22d2-43a9-ae5e-038995c9d4a1/checkpoint/modelnet40_cls-res-edge-n14-C64-norm_batch-k15-drop0.5-lr0.001-B32-seed1-best_model.pth
2025-01-12 16:45:34,422 ===> Epoch 1/400, Train Loss 2.8329, Test Overall Acc 0.6536, Test Avg Acc 0.505942, Best Test Overall Acc 0.6536, Its test avg acc 0.5059.
2025-01-12 16:49:05,674 Got a new best model on Test with Overall ACC 0.7411. Its avg acc is 0.5966
2025-01-12 16:49:05,981 save a new best model into log/modelnet40_cls-res-edge-n14-C64-norm_batch-k15-drop0.5-lr0.001-B32-seed1_20250112-163824_98bbfc5c-22d2-43a9-ae5e-038995c9d4a1/checkpoint/modelnet40_cls-res-edge-n14-C64-norm_batch-k15-drop0.5-lr0.001-B32-seed1-best_model.pth
2025-01-12 16:49:05,982 ===> Epoch 2/400, Train Loss 2.5314, Test Overall Acc 0.7411, Test Avg Acc 0.596558, Best Test Overall Acc 0.7411, Its test avg acc 0.5966.
2025-01-12 16:52:37,546 Got a new best model on Test with Overall ACC 0.7690. Its avg acc is 0.6403
2025-01-12 16:52:37,853 save a new best model into log/modelnet40_cls-res-edge-n14-C64-norm_batch-k15-drop0.5-lr0.001-B32-seed1_20250112-163824_98bbfc5c-22d2-43a9-ae5e-038995c9d4a1/checkpoint/modelnet40_cls-res-edge-n14-C64-norm_batch-k15-drop0.5-lr0.001-B32-seed1-best_model.pth
2025-01-12 16:52:37,853 ===> Epoch 3/400, Train Loss 2.3282, Test Overall Acc 0.7690, Test Avg Acc 0.640308, Best Test Overall Acc 0.7690, Its test avg acc 0.6403.
2025-01-12 16:56:08,845 Got a new best model on Test with Overall ACC 0.7885. Its avg acc is 0.6640
2025-01-12 16:56:09,152 save a new best model into log/modelnet40_cls-res-edge-n14-C64-norm_batch-k15-drop0.5-lr0.001-B32-seed1_20250112-163824_98bbfc5c-22d2-43a9-ae5e-038995c9d4a1/checkpoint/modelnet40_cls-res-edge-n14-C64-norm_batch-k15-drop0.5-lr0.001-B32-seed1-best_model.pth
2025-01-12 16:56:09,152 ===> Epoch 4/400, Train Loss 2.2231, Test Overall Acc 0.7885, Test Avg Acc 0.663953, Best Test Overall Acc 0.7885, Its test avg acc 0.6640.
2025-01-12 16:59:40,517 Got a new best model on Test with Overall ACC 0.7986. Its avg acc is 0.6988
2025-01-12 16:59:40,825 save a new best model into log/modelnet40_cls-res-edge-n14-C64-norm_batch-k15-drop0.5-lr0.001-B32-seed1_20250112-163824_98bbfc5c-22d2-43a9-ae5e-038995c9d4a1/checkpoint/modelnet40_cls-res-edge-n14-C64-norm_batch-k15-drop0.5-lr0.001-B32-seed1-best_model.pth
2025-01-12 16:59:40,825 ===> Epoch 5/400, Train Loss 2.1225, Test Overall Acc 0.7986, Test Avg Acc 0.698773, Best Test Overall Acc 0.7986, Its test avg acc 0.6988.
2025-01-12 17:03:12,385 Got a new best model on Test with Overall ACC 0.8197. Its avg acc is 0.7349
2025-01-12 17:03:12,691 save a new best model into log/modelnet40_cls-res-edge-n14-C64-norm_batch-k15-drop0.5-lr0.001-B32-seed1_20250112-163824_98bbfc5c-22d2-43a9-ae5e-038995c9d4a1/checkpoint/modelnet40_cls-res-edge-n14-C64-norm_batch-k15-drop0.5-lr0.001-B32-seed1-best_model.pth
2025-01-12 17:03:12,692 ===> Epoch 6/400, Train Loss 2.0466, Test Overall Acc 0.8197, Test Avg Acc 0.734890, Best Test Overall Acc 0.8197, Its test avg acc 0.7349.
2025-01-12 17:06:44,127 Got a new best model on Test with Overall ACC 0.8213. Its avg acc is 0.7119
2025-01-12 17:06:44,435 save a new best model into log/modelnet40_cls-res-edge-n14-C64-norm_batch-k15-drop0.5-lr0.001-B32-seed1_20250112-163824_98bbfc5c-22d2-43a9-ae5e-038995c9d4a1/checkpoint/modelnet40_cls-res-edge-n14-C64-norm_batch-k15-drop0.5-lr0.001-B32-seed1-best_model.pth
2025-01-12 17:06:44,435 ===> Epoch 7/400, Train Loss 2.0009, Test Overall Acc 0.8213, Test Avg Acc 0.711872, Best Test Overall Acc 0.8213, Its test avg acc 0.7119.
2025-01-12 17:10:15,970 Got a new best model on Test with Overall ACC 0.8456. Its avg acc is 0.7682
2025-01-12 17:10:16,277 save a new best model into log/modelnet40_cls-res-edge-n14-C64-norm_batch-k15-drop0.5-lr0.001-B32-seed1_20250112-163824_98bbfc5c-22d2-43a9-ae5e-038995c9d4a1/checkpoint/modelnet40_cls-res-edge-n14-C64-norm_batch-k15-drop0.5-lr0.001-B32-seed1-best_model.pth
2025-01-12 17:10:16,278 ===> Epoch 8/400, Train Loss 1.9536, Test Overall Acc 0.8456, Test Avg Acc 0.768215, Best Test Overall Acc 0.8456, Its test avg acc 0.7682.
2025-01-12 17:13:47,501 Got a new best model on Test with Overall ACC 0.8525. Its avg acc is 0.7611
2025-01-12 17:13:47,808 save a new best model into log/modelnet40_cls-res-edge-n14-C64-norm_batch-k15-drop0.5-lr0.001-B32-seed1_20250112-163824_98bbfc5c-22d2-43a9-ae5e-038995c9d4a1/checkpoint/modelnet40_cls-res-edge-n14-C64-norm_batch-k15-drop0.5-lr0.001-B32-seed1-best_model.pth
2025-01-12 17:13:47,809 ===> Epoch 9/400, Train Loss 1.9223, Test Overall Acc 0.8525, Test Avg Acc 0.761064, Best Test Overall Acc 0.8525, Its test avg acc 0.7611.
2025-01-12 17:17:18,742 Got a new best model on Test with Overall ACC 0.8562. Its avg acc is 0.7623
2025-01-12 17:17:19,052 save a new best model into log/modelnet40_cls-res-edge-n14-C64-norm_batch-k15-drop0.5-lr0.001-B32-seed1_20250112-163824_98bbfc5c-22d2-43a9-ae5e-038995c9d4a1/checkpoint/modelnet40_cls-res-edge-n14-C64-norm_batch-k15-drop0.5-lr0.001-B32-seed1-best_model.pth
2025-01-12 17:17:19,053 ===> Epoch 10/400, Train Loss 1.8973, Test Overall Acc 0.8562, Test Avg Acc 0.762320, Best Test Overall Acc 0.8562, Its test avg acc 0.7623.
2025-01-12 17:20:50,100 ===> Epoch 11/400, Train Loss 1.8668, Test Overall Acc 0.8497, Test Avg Acc 0.768500, Best Test Overall Acc 0.8562, Its test avg acc 0.7623.
2025-01-12 17:24:21,530 ===> Epoch 12/400, Train Loss 1.8482, Test Overall Acc 0.8489, Test Avg Acc 0.766587, Best Test Overall Acc 0.8562, Its test avg acc 0.7623.
2025-01-12 17:27:52,725 Got a new best model on Test with Overall ACC 0.8724. Its avg acc is 0.7920
2025-01-12 17:27:53,033 save a new best model into log/modelnet40_cls-res-edge-n14-C64-norm_batch-k15-drop0.5-lr0.001-B32-seed1_20250112-163824_98bbfc5c-22d2-43a9-ae5e-038995c9d4a1/checkpoint/modelnet40_cls-res-edge-n14-C64-norm_batch-k15-drop0.5-lr0.001-B32-seed1-best_model.pth
2025-01-12 17:27:53,033 ===> Epoch 13/400, Train Loss 1.8220, Test Overall Acc 0.8724, Test Avg Acc 0.791977, Best Test Overall Acc 0.8724, Its test avg acc 0.7920.
2025-01-12 17:31:24,375 ===> Epoch 14/400, Train Loss 1.8026, Test Overall Acc 0.8639, Test Avg Acc 0.796320, Best Test Overall Acc 0.8724, Its test avg acc 0.7920.
2025-01-12 17:34:56,076 ===> Epoch 15/400, Train Loss 1.7948, Test Overall Acc 0.8659, Test Avg Acc 0.797831, Best Test Overall Acc 0.8724, Its test avg acc 0.7920.
2025-01-12 17:38:27,292 Got a new best model on Test with Overall ACC 0.8906. Its avg acc is 0.8283
2025-01-12 17:38:27,601 save a new best model into log/modelnet40_cls-res-edge-n14-C64-norm_batch-k15-drop0.5-lr0.001-B32-seed1_20250112-163824_98bbfc5c-22d2-43a9-ae5e-038995c9d4a1/checkpoint/modelnet40_cls-res-edge-n14-C64-norm_batch-k15-drop0.5-lr0.001-B32-seed1-best_model.pth
2025-01-12 17:38:27,601 ===> Epoch 16/400, Train Loss 1.7661, Test Overall Acc 0.8906, Test Avg Acc 0.828256, Best Test Overall Acc 0.8906, Its test avg acc 0.8283.
2025-01-12 17:41:59,193 ===> Epoch 17/400, Train Loss 1.7593, Test Overall Acc 0.8716, Test Avg Acc 0.806099, Best Test Overall Acc 0.8906, Its test avg acc 0.8283.
2025-01-12 17:45:30,318 ===> Epoch 18/400, Train Loss 1.7498, Test Overall Acc 0.8788, Test Avg Acc 0.809849, Best Test Overall Acc 0.8906, Its test avg acc 0.8283.
2025-01-12 17:49:01,914 Got a new best model on Test with Overall ACC 0.8914. Its avg acc is 0.8361
2025-01-12 17:49:02,226 save a new best model into log/modelnet40_cls-res-edge-n14-C64-norm_batch-k15-drop0.5-lr0.001-B32-seed1_20250112-163824_98bbfc5c-22d2-43a9-ae5e-038995c9d4a1/checkpoint/modelnet40_cls-res-edge-n14-C64-norm_batch-k15-drop0.5-lr0.001-B32-seed1-best_model.pth
2025-01-12 17:49:02,227 ===> Epoch 19/400, Train Loss 1.7314, Test Overall Acc 0.8914, Test Avg Acc 0.836093, Best Test Overall Acc 0.8914, Its test avg acc 0.8361.
2025-01-12 17:52:33,685 ===> Epoch 20/400, Train Loss 1.7226, Test Overall Acc 0.8845, Test Avg Acc 0.827343, Best Test Overall Acc 0.8914, Its test avg acc 0.8361.
2025-01-12 17:56:04,904 ===> Epoch 21/400, Train Loss 1.7199, Test Overall Acc 0.8870, Test Avg Acc 0.838198, Best Test Overall Acc 0.8914, Its test avg acc 0.8361.
2025-01-12 17:59:36,580 Got a new best model on Test with Overall ACC 0.8963. Its avg acc is 0.8361
2025-01-12 17:59:36,889 save a new best model into log/modelnet40_cls-res-edge-n14-C64-norm_batch-k15-drop0.5-lr0.001-B32-seed1_20250112-163824_98bbfc5c-22d2-43a9-ae5e-038995c9d4a1/checkpoint/modelnet40_cls-res-edge-n14-C64-norm_batch-k15-drop0.5-lr0.001-B32-seed1-best_model.pth
2025-01-12 17:59:36,890 ===> Epoch 22/400, Train Loss 1.7037, Test Overall Acc 0.8963, Test Avg Acc 0.836128, Best Test Overall Acc 0.8963, Its test avg acc 0.8361.
2025-01-12 18:03:08,353 Got a new best model on Test with Overall ACC 0.9032. Its avg acc is 0.8428
2025-01-12 18:03:08,662 save a new best model into log/modelnet40_cls-res-edge-n14-C64-norm_batch-k15-drop0.5-lr0.001-B32-seed1_20250112-163824_98bbfc5c-22d2-43a9-ae5e-038995c9d4a1/checkpoint/modelnet40_cls-res-edge-n14-C64-norm_batch-k15-drop0.5-lr0.001-B32-seed1-best_model.pth
2025-01-12 18:03:08,662 ===> Epoch 23/400, Train Loss 1.7023, Test Overall Acc 0.9032, Test Avg Acc 0.842756, Best Test Overall Acc 0.9032, Its test avg acc 0.8428.
2025-01-12 18:06:39,740 ===> Epoch 24/400, Train Loss 1.6898, Test Overall Acc 0.8955, Test Avg Acc 0.847860, Best Test Overall Acc 0.9032, Its test avg acc 0.8428.
2025-01-12 18:10:10,984 ===> Epoch 25/400, Train Loss 1.6733, Test Overall Acc 0.8918, Test Avg Acc 0.844430, Best Test Overall Acc 0.9032, Its test avg acc 0.8428.
2025-01-12 18:13:42,565 ===> Epoch 26/400, Train Loss 1.6807, Test Overall Acc 0.8910, Test Avg Acc 0.839547, Best Test Overall Acc 0.9032, Its test avg acc 0.8428.
2025-01-12 18:17:13,797 ===> Epoch 27/400, Train Loss 1.6651, Test Overall Acc 0.9032, Test Avg Acc 0.842058, Best Test Overall Acc 0.9032, Its test avg acc 0.8428.
2025-01-12 18:20:45,158 ===> Epoch 28/400, Train Loss 1.6572, Test Overall Acc 0.8999, Test Avg Acc 0.849349, Best Test Overall Acc 0.9032, Its test avg acc 0.8428.
2025-01-12 18:24:16,341 ===> Epoch 29/400, Train Loss 1.6443, Test Overall Acc 0.8983, Test Avg Acc 0.847291, Best Test Overall Acc 0.9032, Its test avg acc 0.8428.
2025-01-12 18:27:47,698 ===> Epoch 30/400, Train Loss 1.6409, Test Overall Acc 0.8999, Test Avg Acc 0.850174, Best Test Overall Acc 0.9032, Its test avg acc 0.8428.
2025-01-12 18:31:20,239 ===> Epoch 31/400, Train Loss 1.6350, Test Overall Acc 0.9024, Test Avg Acc 0.860506, Best Test Overall Acc 0.9032, Its test avg acc 0.8428.
