2025-01-12 12:34:42,142 saving log, checkpoint and back up code in folder: log/modelnet40_cls-res-edge-n4-C64-norm_batch-k15-drop0.5-lr0.001-B32-seed1_20250112-123442_4826933f-3dec-4ffe-8626-7121432d6b5d
2025-01-12 12:34:42,143 ==========       args      =============
2025-01-12 12:34:42,143 phase:train
2025-01-12 12:34:42,143 exp_name:modelnet40_cls-res-edge-n4-C64-norm_batch-k15-drop0.5-lr0.001-B32-seed1
2025-01-12 12:34:42,143 job_name:modelnet40_cls-res-edge-n4-C64-norm_batch-k15-drop0.5-lr0.001-B32-seed1_20250112-123442_4826933f-3dec-4ffe-8626-7121432d6b5d
2025-01-12 12:34:42,143 use_cpu:False
2025-01-12 12:34:42,143 root_dir:log
2025-01-12 12:34:42,143 data_dir:/user/ahmed.assy/u12745/Dataset
2025-01-12 12:34:42,143 dataset:ModelNet40
2025-01-12 12:34:42,143 num_points:2048
2025-01-12 12:34:42,143  :True
2025-01-12 12:34:42,143 in_channels:3
2025-01-12 12:34:42,143 batch_size:32
2025-01-12 12:34:42,143 epochs:400
2025-01-12 12:34:42,143 use_sgd:False
2025-01-12 12:34:42,143 weight_decay:0.0001
2025-01-12 12:34:42,143 lr:0.001
2025-01-12 12:34:42,143 seed:1
2025-01-12 12:34:42,143 multi_gpus:False
2025-01-12 12:34:42,143 test_batch_size:50
2025-01-12 12:34:42,143 pretrained_model:
2025-01-12 12:34:42,143 k:15
2025-01-12 12:34:42,143 block:res
2025-01-12 12:34:42,143 conv:edge
2025-01-12 12:34:42,143 act:relu
2025-01-12 12:34:42,143 norm:batch
2025-01-12 12:34:42,143 bias:True
2025-01-12 12:34:42,143 n_blocks:4
2025-01-12 12:34:42,143 n_filters:64
2025-01-12 12:34:42,143 emb_dims:1024
2025-01-12 12:34:42,144 dropout:0.5
2025-01-12 12:34:42,144 dynamic:False
2025-01-12 12:34:42,144 fine_tune:False
2025-01-12 12:34:42,144 fine_tune_num_classes:16
2025-01-12 12:34:42,144 use_dilation:True
2025-01-12 12:34:42,144 epsilon:0.2
2025-01-12 12:34:42,144 use_stochastic:True
2025-01-12 12:34:42,144 device:cuda
2025-01-12 12:34:42,144 exp_dir:log/modelnet40_cls-res-edge-n4-C64-norm_batch-k15-drop0.5-lr0.001-B32-seed1_20250112-123442_4826933f-3dec-4ffe-8626-7121432d6b5d
2025-01-12 12:34:42,144 ckpt_dir:log/modelnet40_cls-res-edge-n4-C64-norm_batch-k15-drop0.5-lr0.001-B32-seed1_20250112-123442_4826933f-3dec-4ffe-8626-7121432d6b5d/checkpoint
2025-01-12 12:34:42,144 code_dir:log/modelnet40_cls-res-edge-n4-C64-norm_batch-k15-drop0.5-lr0.001-B32-seed1_20250112-123442_4826933f-3dec-4ffe-8626-7121432d6b5d/code
2025-01-12 12:34:42,144 writer:<torch.utils.tensorboard.writer.SummaryWriter object at 0x7f40c6357190>
2025-01-12 12:34:42,144 epoch:-1
2025-01-12 12:34:42,144 step:-1
2025-01-12 12:34:42,144 loglevel:info
2025-01-12 12:34:42,144 ==========     args END    =============
2025-01-12 12:34:42,144 

2025-01-12 12:34:42,144 ===> Phase is train.
2025-01-12 12:34:42,148 ===> Creating data-loader ...
2025-01-12 12:34:45,959 ===> Loading ModelNet40 from /user/ahmed.assy/u12745/Dataset. number of classes equal to 40
2025-01-12 12:34:45,960 ===> Loading the network ...
2025-01-12 12:34:46,260 DeepGCN(
  (knn): DenseDilatedKnnGraph(
    (_dilated): DenseDilated()
  )
  (head): GraphConv2d(
    (gconv): EdgeConvLayer(
      (edge_conv): EdgeConv(nn=BasicLayer(
        (0): Linear(in_features=6, out_features=64, bias=False)
        (1): ReLU()
        (2): BatchNorm1d(64, eps=1e-05, momentum=0.1, affine=True, track_running_stats=True)
        (3): Linear(in_features=64, out_features=64, bias=False)
        (4): ReLU()
        (5): BatchNorm1d(64, eps=1e-05, momentum=0.1, affine=True, track_running_stats=True)
      ))
    )
  )
  (backbone): Sequential(
    (0): ResDynBlock2d(
      (body): DynConv2d(
        (gconv): EdgeConvLayer(
          (edge_conv): EdgeConv(nn=BasicLayer(
            (0): Linear(in_features=128, out_features=64, bias=True)
            (1): ReLU()
            (2): BatchNorm1d(64, eps=1e-05, momentum=0.1, affine=True, track_running_stats=True)
            (3): Linear(in_features=64, out_features=64, bias=True)
            (4): ReLU()
            (5): BatchNorm1d(64, eps=1e-05, momentum=0.1, affine=True, track_running_stats=True)
          ))
        )
        (dilated_knn_graph): DenseDilatedKnnGraph(
          (_dilated): DenseDilated()
        )
      )
    )
    (1): ResDynBlock2d(
      (body): DynConv2d(
        (gconv): EdgeConvLayer(
          (edge_conv): EdgeConv(nn=BasicLayer(
            (0): Linear(in_features=128, out_features=64, bias=True)
            (1): ReLU()
            (2): BatchNorm1d(64, eps=1e-05, momentum=0.1, affine=True, track_running_stats=True)
            (3): Linear(in_features=64, out_features=64, bias=True)
            (4): ReLU()
            (5): BatchNorm1d(64, eps=1e-05, momentum=0.1, affine=True, track_running_stats=True)
          ))
        )
        (dilated_knn_graph): DenseDilatedKnnGraph(
          (_dilated): DenseDilated()
        )
      )
    )
    (2): ResDynBlock2d(
      (body): DynConv2d(
        (gconv): EdgeConvLayer(
          (edge_conv): EdgeConv(nn=BasicLayer(
            (0): Linear(in_features=128, out_features=64, bias=True)
            (1): ReLU()
            (2): BatchNorm1d(64, eps=1e-05, momentum=0.1, affine=True, track_running_stats=True)
            (3): Linear(in_features=64, out_features=64, bias=True)
            (4): ReLU()
            (5): BatchNorm1d(64, eps=1e-05, momentum=0.1, affine=True, track_running_stats=True)
          ))
        )
        (dilated_knn_graph): DenseDilatedKnnGraph(
          (_dilated): DenseDilated()
        )
      )
    )
  )
  (fusion_block): BasicConv(
    (0): Conv2d(256, 1024, kernel_size=(1, 1), stride=(1, 1), bias=False)
    (1): LeakyReLU(negative_slope=0.2)
    (2): BatchNorm2d(1024, eps=1e-05, momentum=0.1, affine=True, track_running_stats=True)
  )
  (prediction): Sequential(
    (0): BasicConv(
      (0): Conv2d(2048, 512, kernel_size=(1, 1), stride=(1, 1))
      (1): LeakyReLU(negative_slope=0.2)
      (2): BatchNorm2d(512, eps=1e-05, momentum=0.1, affine=True, track_running_stats=True)
      (3): Dropout2d(p=0.5, inplace=False)
    )
    (1): BasicConv(
      (0): Conv2d(512, 256, kernel_size=(1, 1), stride=(1, 1))
      (1): LeakyReLU(negative_slope=0.2)
      (2): BatchNorm2d(256, eps=1e-05, momentum=0.1, affine=True, track_running_stats=True)
      (3): Dropout2d(p=0.5, inplace=False)
    )
    (2): BasicConv(
      (0): Conv2d(256, 40, kernel_size=(1, 1), stride=(1, 1))
    )
  )
)
2025-01-12 12:34:46,261 ===> loading pre-trained ...
2025-01-12 12:34:46,261 ===> No pre-trained model
2025-01-12 12:34:46,261 ===> Init the optimizer ...
2025-01-12 12:34:46,261 ===> Use AdamW
2025-01-12 12:34:46,262 ===> Init Metric ...
2025-01-12 12:34:46,266 ===> start training ...
2025-01-12 12:36:12,684 Got a new best model on Test with Overall ACC 0.6252. Its avg acc is 0.4848
2025-01-12 12:36:12,880 save a new best model into log/modelnet40_cls-res-edge-n4-C64-norm_batch-k15-drop0.5-lr0.001-B32-seed1_20250112-123442_4826933f-3dec-4ffe-8626-7121432d6b5d/checkpoint/modelnet40_cls-res-edge-n4-C64-norm_batch-k15-drop0.5-lr0.001-B32-seed1-best_model.pth
2025-01-12 12:36:12,880 ===> Epoch 0/400, Train Loss 3.2101, Test Overall Acc 0.6252, Test Avg Acc 0.484750, Best Test Overall Acc 0.6252, Its test avg acc 0.4848.
2025-01-12 12:37:38,873 Got a new best model on Test with Overall ACC 0.7285. Its avg acc is 0.6006
2025-01-12 12:37:39,067 save a new best model into log/modelnet40_cls-res-edge-n4-C64-norm_batch-k15-drop0.5-lr0.001-B32-seed1_20250112-123442_4826933f-3dec-4ffe-8626-7121432d6b5d/checkpoint/modelnet40_cls-res-edge-n4-C64-norm_batch-k15-drop0.5-lr0.001-B32-seed1-best_model.pth
2025-01-12 12:37:39,068 ===> Epoch 1/400, Train Loss 2.5187, Test Overall Acc 0.7285, Test Avg Acc 0.600581, Best Test Overall Acc 0.7285, Its test avg acc 0.6006.
2025-01-12 12:39:04,986 Got a new best model on Test with Overall ACC 0.7788. Its avg acc is 0.6538
2025-01-12 12:39:05,179 save a new best model into log/modelnet40_cls-res-edge-n4-C64-norm_batch-k15-drop0.5-lr0.001-B32-seed1_20250112-123442_4826933f-3dec-4ffe-8626-7121432d6b5d/checkpoint/modelnet40_cls-res-edge-n4-C64-norm_batch-k15-drop0.5-lr0.001-B32-seed1-best_model.pth
2025-01-12 12:39:05,180 ===> Epoch 2/400, Train Loss 2.2661, Test Overall Acc 0.7788, Test Avg Acc 0.653767, Best Test Overall Acc 0.7788, Its test avg acc 0.6538.
2025-01-12 12:40:30,842 ===> Epoch 3/400, Train Loss 2.0932, Test Overall Acc 0.7739, Test Avg Acc 0.665116, Best Test Overall Acc 0.7788, Its test avg acc 0.6538.
2025-01-12 12:41:56,785 Got a new best model on Test with Overall ACC 0.8367. Its avg acc is 0.7481
2025-01-12 12:41:56,979 save a new best model into log/modelnet40_cls-res-edge-n4-C64-norm_batch-k15-drop0.5-lr0.001-B32-seed1_20250112-123442_4826933f-3dec-4ffe-8626-7121432d6b5d/checkpoint/modelnet40_cls-res-edge-n4-C64-norm_batch-k15-drop0.5-lr0.001-B32-seed1-best_model.pth
2025-01-12 12:41:56,980 ===> Epoch 4/400, Train Loss 1.9868, Test Overall Acc 0.8367, Test Avg Acc 0.748110, Best Test Overall Acc 0.8367, Its test avg acc 0.7481.
