2025-01-12 13:05:45,206 saving log, checkpoint and back up code in folder: log/modelnet40_cls-res-edge-n4-C64-norm_batch-k15-drop0.5-lr0.001-B32-seed1_20250112-130545_4c5f6931-8d1d-4300-96f8-f3fc8c86926f
2025-01-12 13:05:45,206 ==========       args      =============
2025-01-12 13:05:45,206 phase:train
2025-01-12 13:05:45,207 exp_name:modelnet40_cls-res-edge-n4-C64-norm_batch-k15-drop0.5-lr0.001-B32-seed1
2025-01-12 13:05:45,207 job_name:modelnet40_cls-res-edge-n4-C64-norm_batch-k15-drop0.5-lr0.001-B32-seed1_20250112-130545_4c5f6931-8d1d-4300-96f8-f3fc8c86926f
2025-01-12 13:05:45,207 use_cpu:False
2025-01-12 13:05:45,207 root_dir:log
2025-01-12 13:05:45,207 data_dir:/user/ahmed.assy/u12745/Dataset
2025-01-12 13:05:45,207 dataset:ModelNet40
2025-01-12 13:05:45,207 num_points:2048
2025-01-12 13:05:45,207  :True
2025-01-12 13:05:45,207 in_channels:3
2025-01-12 13:05:45,207 batch_size:32
2025-01-12 13:05:45,207 epochs:400
2025-01-12 13:05:45,207 use_sgd:False
2025-01-12 13:05:45,207 weight_decay:0.0001
2025-01-12 13:05:45,207 lr:0.001
2025-01-12 13:05:45,207 seed:1
2025-01-12 13:05:45,207 multi_gpus:False
2025-01-12 13:05:45,207 test_batch_size:50
2025-01-12 13:05:45,207 pretrained_model:
2025-01-12 13:05:45,207 k:15
2025-01-12 13:05:45,207 block:res
2025-01-12 13:05:45,207 conv:edge
2025-01-12 13:05:45,207 act:relu
2025-01-12 13:05:45,207 norm:batch
2025-01-12 13:05:45,207 bias:True
2025-01-12 13:05:45,207 n_blocks:4
2025-01-12 13:05:45,207 n_filters:64
2025-01-12 13:05:45,207 emb_dims:1024
2025-01-12 13:05:45,207 dropout:0.5
2025-01-12 13:05:45,207 dynamic:True
2025-01-12 13:05:45,207 fine_tune:False
2025-01-12 13:05:45,208 fine_tune_num_classes:16
2025-01-12 13:05:45,208 use_dilation:True
2025-01-12 13:05:45,208 epsilon:0.2
2025-01-12 13:05:45,208 use_stochastic:True
2025-01-12 13:05:45,208 device:cuda
2025-01-12 13:05:45,208 exp_dir:log/modelnet40_cls-res-edge-n4-C64-norm_batch-k15-drop0.5-lr0.001-B32-seed1_20250112-130545_4c5f6931-8d1d-4300-96f8-f3fc8c86926f
2025-01-12 13:05:45,208 ckpt_dir:log/modelnet40_cls-res-edge-n4-C64-norm_batch-k15-drop0.5-lr0.001-B32-seed1_20250112-130545_4c5f6931-8d1d-4300-96f8-f3fc8c86926f/checkpoint
2025-01-12 13:05:45,208 code_dir:log/modelnet40_cls-res-edge-n4-C64-norm_batch-k15-drop0.5-lr0.001-B32-seed1_20250112-130545_4c5f6931-8d1d-4300-96f8-f3fc8c86926f/code
2025-01-12 13:05:45,208 writer:<torch.utils.tensorboard.writer.SummaryWriter object at 0x7f244030ba60>
2025-01-12 13:05:45,208 epoch:-1
2025-01-12 13:05:45,208 step:-1
2025-01-12 13:05:45,208 loglevel:info
2025-01-12 13:05:45,208 ==========     args END    =============
2025-01-12 13:05:45,208 

2025-01-12 13:05:45,208 ===> Phase is train.
2025-01-12 13:05:45,211 ===> Creating data-loader ...
2025-01-12 13:05:49,179 ===> Loading ModelNet40 from /user/ahmed.assy/u12745/Dataset. number of classes equal to 40
2025-01-12 13:05:49,179 ===> Loading the network ...
2025-01-12 13:05:49,480 DeepGCN(
  (dynamic_head): DynamicEdgeConvLayer(
    (mlp): Sequential(
      (0): Linear(in_features=6, out_features=64, bias=True)
      (1): ReLU()
      (2): Linear(in_features=64, out_features=64, bias=True)
      (3): ReLU()
    )
    (conv): DynamicEdgeConv(nn=Sequential(
      (0): Linear(in_features=6, out_features=64, bias=True)
      (1): ReLU()
      (2): Linear(in_features=64, out_features=64, bias=True)
      (3): ReLU()
    ), k=15)
    (norm): BatchNorm1d(64, eps=1e-05, momentum=0.1, affine=True, track_running_stats=True)
  )
  (backbone): Sequential(
    (0): ResDynBlock2d(
      (body): DynamicEdgeConvLayer(
        (mlp): Sequential(
          (0): Linear(in_features=128, out_features=64, bias=True)
          (1): ReLU()
          (2): Linear(in_features=64, out_features=64, bias=True)
          (3): ReLU()
        )
        (conv): DynamicEdgeConv(nn=Sequential(
          (0): Linear(in_features=128, out_features=64, bias=True)
          (1): ReLU()
          (2): Linear(in_features=64, out_features=64, bias=True)
          (3): ReLU()
        ), k=15)
        (norm): BatchNorm1d(64, eps=1e-05, momentum=0.1, affine=True, track_running_stats=True)
      )
    )
    (1): ResDynBlock2d(
      (body): DynamicEdgeConvLayer(
        (mlp): Sequential(
          (0): Linear(in_features=128, out_features=64, bias=True)
          (1): ReLU()
          (2): Linear(in_features=64, out_features=64, bias=True)
          (3): ReLU()
        )
        (conv): DynamicEdgeConv(nn=Sequential(
          (0): Linear(in_features=128, out_features=64, bias=True)
          (1): ReLU()
          (2): Linear(in_features=64, out_features=64, bias=True)
          (3): ReLU()
        ), k=15)
        (norm): BatchNorm1d(64, eps=1e-05, momentum=0.1, affine=True, track_running_stats=True)
      )
    )
    (2): ResDynBlock2d(
      (body): DynamicEdgeConvLayer(
        (mlp): Sequential(
          (0): Linear(in_features=128, out_features=64, bias=True)
          (1): ReLU()
          (2): Linear(in_features=64, out_features=64, bias=True)
          (3): ReLU()
        )
        (conv): DynamicEdgeConv(nn=Sequential(
          (0): Linear(in_features=128, out_features=64, bias=True)
          (1): ReLU()
          (2): Linear(in_features=64, out_features=64, bias=True)
          (3): ReLU()
        ), k=15)
        (norm): BatchNorm1d(64, eps=1e-05, momentum=0.1, affine=True, track_running_stats=True)
      )
    )
  )
  (fusion_block): BasicConv(
    (0): Conv2d(256, 1024, kernel_size=(1, 1), stride=(1, 1), bias=False)
    (1): LeakyReLU(negative_slope=0.2)
    (2): BatchNorm2d(1024, eps=1e-05, momentum=0.1, affine=True, track_running_stats=True)
  )
  (prediction): Sequential(
    (0): BasicConv(
      (0): Conv2d(2048, 512, kernel_size=(1, 1), stride=(1, 1))
      (1): LeakyReLU(negative_slope=0.2)
      (2): BatchNorm2d(512, eps=1e-05, momentum=0.1, affine=True, track_running_stats=True)
      (3): Dropout2d(p=0.5, inplace=False)
    )
    (1): BasicConv(
      (0): Conv2d(512, 256, kernel_size=(1, 1), stride=(1, 1))
      (1): LeakyReLU(negative_slope=0.2)
      (2): BatchNorm2d(256, eps=1e-05, momentum=0.1, affine=True, track_running_stats=True)
      (3): Dropout2d(p=0.5, inplace=False)
    )
    (2): BasicConv(
      (0): Conv2d(256, 40, kernel_size=(1, 1), stride=(1, 1))
    )
  )
)
2025-01-12 13:05:49,481 ===> loading pre-trained ...
2025-01-12 13:05:49,481 ===> No pre-trained model
2025-01-12 13:05:49,481 ===> Init the optimizer ...
2025-01-12 13:05:49,482 ===> Use AdamW
2025-01-12 13:05:49,482 ===> Init Metric ...
2025-01-12 13:05:49,486 ===> start training ...
2025-01-12 13:09:28,239 Got a new best model on Test with Overall ACC 0.5997. Its avg acc is 0.4870
2025-01-12 13:09:28,468 save a new best model into log/modelnet40_cls-res-edge-n4-C64-norm_batch-k15-drop0.5-lr0.001-B32-seed1_20250112-130545_4c5f6931-8d1d-4300-96f8-f3fc8c86926f/checkpoint/modelnet40_cls-res-edge-n4-C64-norm_batch-k15-drop0.5-lr0.001-B32-seed1-best_model.pth
2025-01-12 13:09:28,469 ===> Epoch 0/400, Train Loss 3.3475, Test Overall Acc 0.5997, Test Avg Acc 0.487012, Best Test Overall Acc 0.5997, Its test avg acc 0.4870.
